TN:
SF:src\client.ts
FN:23,(anonymous_1)
FN:34,(anonymous_2)
FN:35,(anonymous_3)
FN:59,(anonymous_4)
FN:65,(anonymous_5)
FN:89,(anonymous_6)
FN:95,(anonymous_7)
FN:99,(anonymous_8)
FN:100,(anonymous_9)
FN:110,(anonymous_10)
FN:117,(anonymous_11)
FN:124,(anonymous_12)
FN:131,(anonymous_13)
FN:138,(anonymous_14)
FN:145,(anonymous_15)
FN:152,(anonymous_16)
FN:159,(anonymous_17)
FN:166,(anonymous_18)
FN:173,(anonymous_19)
FN:181,(anonymous_20)
FNF:20
FNH:10
FNDA:7,(anonymous_1)
FNDA:0,(anonymous_2)
FNDA:0,(anonymous_3)
FNDA:7,(anonymous_4)
FNDA:4,(anonymous_5)
FNDA:1,(anonymous_6)
FNDA:0,(anonymous_7)
FNDA:1,(anonymous_8)
FNDA:1,(anonymous_9)
FNDA:2,(anonymous_10)
FNDA:1,(anonymous_11)
FNDA:0,(anonymous_12)
FNDA:0,(anonymous_13)
FNDA:0,(anonymous_14)
FNDA:0,(anonymous_15)
FNDA:0,(anonymous_16)
FNDA:0,(anonymous_17)
FNDA:0,(anonymous_18)
FNDA:2,(anonymous_19)
FNDA:1,(anonymous_20)
DA:1,1
DA:13,1
DA:15,1
DA:18,1
DA:19,7
DA:20,1
DA:21,7
DA:24,7
DA:25,6
DA:26,6
DA:33,6
DA:34,0
DA:36,0
DA:37,0
DA:39,0
DA:41,0
DA:43,0
DA:44,0
DA:46,0
DA:51,0
DA:52,0
DA:54,0
DA:60,7
DA:61,1
DA:71,4
DA:72,4
DA:80,3
DA:82,1
DA:83,0
DA:85,1
DA:90,1
DA:91,1
DA:93,1
DA:94,0
DA:95,0
DA:100,1
DA:101,1
DA:102,1
DA:103,1
DA:106,1
DA:107,1
DA:111,2
DA:112,0
DA:114,2
DA:118,1
DA:119,0
DA:121,1
DA:125,0
DA:126,0
DA:128,0
DA:132,0
DA:133,0
DA:135,0
DA:139,0
DA:140,0
DA:142,0
DA:146,0
DA:147,0
DA:149,0
DA:153,0
DA:154,0
DA:156,0
DA:160,0
DA:161,0
DA:163,0
DA:167,0
DA:168,0
DA:170,0
DA:174,2
DA:175,0
DA:177,2
DA:178,1
DA:181,1
DA:182,1
DA:183,1
LF:75
LH:37
BRDA:36,0,0,0
BRDA:37,1,0,0
BRDA:37,1,1,0
BRDA:37,1,2,0
BRDA:37,1,3,0
BRDA:41,2,0,0
BRDA:41,2,1,0
BRDA:47,3,0,0
BRDA:47,3,1,0
BRDA:51,4,0,0
BRDA:54,5,0,0
BRDA:54,5,1,0
BRDA:60,6,0,1
BRDA:68,7,0,3
BRDA:82,8,0,0
BRDA:85,9,0,0
BRDA:85,9,1,1
BRDA:93,10,0,0
BRDA:111,11,0,0
BRDA:118,12,0,0
BRDA:125,13,0,0
BRDA:132,14,0,0
BRDA:139,15,0,0
BRDA:146,16,0,0
BRDA:153,17,0,0
BRDA:160,18,0,0
BRDA:167,19,0,0
BRDA:174,20,0,0
BRDA:177,21,0,1
BRF:29
BRH:4
end_of_record
TN:
SF:src\errors\index.ts
FN:2,(anonymous_0)
FN:9,(anonymous_1)
FN:16,(anonymous_2)
FN:23,(anonymous_3)
FNF:4
FNH:4
FNDA:9,(anonymous_0)
FNDA:2,(anonymous_1)
FNDA:3,(anonymous_2)
FNDA:3,(anonymous_3)
DA:1,2
DA:3,9
DA:4,9
DA:8,2
DA:10,2
DA:11,2
DA:15,2
DA:17,3
DA:18,3
DA:22,2
DA:24,3
DA:25,3
LF:12
LH:12
BRDA:9,0,0,1
BRDA:23,1,0,1
BRF:2
BRH:2
end_of_record
